<?xml version="1.0" encoding="UTF-8"?>
<!-- Generated by org.testng.reporters.JUnitXMLReporter -->
<testsuite hostname="Akshay" ignored="0" name="Default test" tests="3" failures="0" timestamp="2020-06-30T17:38:50 IST" time="23.296" errors="0">
  <testcase name="searchCityTemperatureTest" time="11.055" classname="com.framework.WeatherCompareTest.WeatherTest"/>
  <testcase name="dataFromAPI" time="0.151" classname="com.framework.WeatherCompareTest.WeatherTest"/>
  <testcase name="tempComparator" time="0.012" classname="com.framework.WeatherCompareTest.WeatherTest"/>
</testsuite> <!-- Default test -->
