<?xml version="1.0" encoding="UTF-8"?>
<!-- Generated by org.testng.reporters.JUnitXMLReporter -->
<testsuite hostname="Akshay" ignored="0" name="Default test" tests="3" failures="0" timestamp="2020-07-01T16:23:01 IST" time="21.493" errors="0">
  <testcase name="searchCityNameTest" time="10.526" classname="com.framework.WeatherCompareTest.WeatherTest"/>
  <testcase name="dataFromAPI" time="0.13" classname="com.framework.WeatherCompareTest.WeatherTest"/>
  <testcase name="attributeComparator" time="0.005" classname="com.framework.WeatherCompareTest.WeatherTest"/>
</testsuite> <!-- Default test -->
