<?xml version="1.0" encoding="UTF-8"?>
<!-- Generated by org.testng.reporters.JUnitXMLReporter -->
<testsuite hostname="Akshay" ignored="0" name="Weather Report Compare Test" tests="3" failures="0" timestamp="2020-06-30T17:39:37 IST" time="22.796" errors="0">
  <testcase name="searchCityTemperatureTest" time="10.495" classname="com.framework.WeatherCompareTest.WeatherTest"/>
  <testcase name="dataFromAPI" time="0.146" classname="com.framework.WeatherCompareTest.WeatherTest"/>
  <testcase name="tempComparator" time="0.013" classname="com.framework.WeatherCompareTest.WeatherTest"/>
</testsuite> <!-- Weather Report Compare Test -->
